Apr 17 11:51:58.540: vmx| Log for VMware Workstation pid=4816 version=7.0.0 build=build-203739 option=Release
Apr 17 11:51:58.540: vmx| The process is 32-bit.
Apr 17 11:51:58.540: vmx| Host codepage=windows-1252 encoding=windows-1252
Apr 17 11:51:58.540: vmx| Hostname=Euan-PC
Apr 17 11:51:58.554: vmx| IP=(Unknown)
Apr 17 11:51:58.554: vmx| IP=(Unknown)
Apr 17 11:51:58.554: vmx| IP=(Unknown)
Apr 17 11:51:58.555: vmx| IP=192.168.19.1
Apr 17 11:51:58.555: vmx| IP=192.168.189.1
Apr 17 11:51:58.555: vmx| IP=192.168.0.11
Apr 17 11:51:58.555: vmx| Command line: "C:\Program Files\VMware\VMware Workstation\vmware-vmx.exe" "-T" "querytoken" "-s" "vmx.stdio.keep=TRUE" "-#" "product=1;name=VMware Workstation;version=7.0.0;buildnumber=203739;licensename=VMware Workstation;licenseversion=7.0;" "-@" "pipe=\\.\pipe\vmx458f7f7868b611c6;" "C:\Users\Euan\Documents\Virtual Machines\Euan_Hume_WebArcAss3\Euan_Hume_WebArcAss3.vmx"
Apr 17 11:51:58.555: vmx| Msg_SetLocale: HostLocale=windows-1252 UserLocale=NULL
Apr 17 11:51:58.605: vmx| UI Connecting to pipe '\\.\pipe\vmx458f7f7868b611c6' with user '(null)'
Apr 17 11:51:58.606: vmx| VMXVmdb: Local connection timeout: 60000 ms.
Apr 17 11:51:58.698: vmx| Vix: [6048 mainDispatch.c:369]: VMAutomation: Initializing VMAutomation.
Apr 17 11:51:58.699: vmx| Vix: [6048 mainDispatch.c:391]: VMAutomation: Detected the VM is not managed
Apr 17 11:51:58.700: vmx| Vix: [6048 mainDispatch.c:555]: VMAutomationOpenListenerSocket() listening
Apr 17 11:51:58.701: vmx| Vix: [6048 mainDispatch.c:3485]: VMAutomation_ReportPowerOpFinished: statevar=0, newAppState=1870, success=1
Apr 17 11:51:58.701: vmx| Transitioned vmx/execState/val to poweredOff
Apr 17 11:51:58.701: vmx| Vix: [6048 mainDispatch.c:3485]: VMAutomation_ReportPowerOpFinished: statevar=1, newAppState=1873, success=1
Apr 17 11:51:58.701: vmx| Vix: [6048 mainDispatch.c:3485]: VMAutomation_ReportPowerOpFinished: statevar=2, newAppState=1877, success=1
Apr 17 11:51:58.701: vmx| Vix: [6048 mainDispatch.c:3485]: VMAutomation_ReportPowerOpFinished: statevar=3, newAppState=1881, success=1
Apr 17 11:51:58.702: vmx| HOSTINFO 15013130440 @ 1948291Hz -> 0 @ 1000000Hz
Apr 17 11:51:58.702: vmx| HOSTINFO ((x * 2204479359) >> 32) + -7705794686
Apr 17 11:51:58.703: vmx| HD: host version is 6.1.7600
Apr 17 11:51:58.703: vmx| HD: addr 82c973c3
Apr 17 11:51:58.706: vmx| HD: 82d63358, 0
Apr 17 11:51:58.706: vmx| VMMon_GetkHzEstimate: Calculated 1971109 kHz
Apr 17 11:51:58.706: vmx| VMMon_RememberkHzEstimate: Calculated 2000000 kHz
Apr 17 11:51:58.706: vmx| TSC kHz estimates: vmmon 1971109, osReported 2000000.  Using 2000000 kHz.
Apr 17 11:51:58.706: vmx| CPU # 0 TSC = 14243484852130
Apr 17 11:51:58.706: vmx| CPU # 1 TSC = 14243484851890
Apr 17 11:51:58.706: vmx| TSC delta 240
Apr 17 11:51:58.706: vmx| CPU # 0 TSC = 14243484975510
Apr 17 11:51:58.706: vmx| CPU # 1 TSC = 14243484975450
Apr 17 11:51:58.706: vmx| TSC delta 60
Apr 17 11:51:58.706: vmx| CPU # 0 TSC = 14243485094270
Apr 17 11:51:58.706: vmx| CPU # 1 TSC = 14243485094190
Apr 17 11:51:58.706: vmx| TSC delta 80
Apr 17 11:51:58.706: vmx| CPU # 0 TSC = 14243485211300
Apr 17 11:51:58.706: vmx| CPU # 1 TSC = 14243485211220
Apr 17 11:51:58.706: vmx| TSC delta 80
Apr 17 11:51:58.707: vmx| TSC min delta 60
Apr 17 11:51:58.707: vmx| PTSC: RefClockToTSC 1948291Hz -> 2000000000Hz
Apr 17 11:51:58.707: vmx| PTSC: RefClockToTSC ((x * 2152811874) >> 21)
Apr 17 11:51:58.707: vmx| PTSC: using TSC
Apr 17 11:51:58.707: vmx| CPUID[0] vendor: GenuineIntel
Apr 17 11:51:58.707: vmx| CPUID[0]   name: Pentium(R) Dual-Core CPU       T4200  @ 2.00GHz
Apr 17 11:51:58.707: vmx| CPUID[0] level 00000000, 0: 0x0000000d 0x756e6547 0x6c65746e 0x49656e69
Apr 17 11:51:58.707: vmx| CPUID[0] level 00000001, 0: 0x0001067a 0x00020800 0x0c00e39d 0xbfebfbff
Apr 17 11:51:58.707: vmx| CPUID[0] level 00000002, 0: 0x05b0b101 0x005657f0 0x00000000 0x2cb43078
Apr 17 11:51:58.707: vmx| CPUID[0] level 00000003, 0: 0x00000000 0x00000000 0x00000000 0x00000000
Apr 17 11:51:58.707: vmx| CPUID[0] level 00000004, 0: 0x04000121 0x01c0003f 0x0000003f 0x00000001
Apr 17 11:51:58.707: vmx| CPUID[0] level 00000005, 0: 0x00000040 0x00000040 0x00000003 0x00002220
Apr 17 11:51:58.707: vmx| CPUID[0] level 00000006, 0: 0x00000001 0x00000002 0x00000003 0x00000000
Apr 17 11:51:58.707: vmx| CPUID[0] level 00000007, 0: 0x00000000 0x00000000 0x00000000 0x00000000
Apr 17 11:51:58.707: vmx| CPUID[0] level 00000008, 0: 0x00000400 0x00000000 0x00000000 0x00000000
Apr 17 11:51:58.707: vmx| CPUID[0] level 00000009, 0: 0x00000000 0x00000000 0x00000000 0x00000000
Apr 17 11:51:58.707: vmx| CPUID[0] level 0000000a, 0: 0x07280202 0x00000000 0x00000000 0x00000503
Apr 17 11:51:58.707: vmx| CPUID[0] level 0000000b, 0: 0x00000000 0x00000000 0x00000000 0x00000000
Apr 17 11:51:58.708: vmx| CPUID[0] level 0000000c, 0: 0x00000000 0x00000000 0x00000000 0x00000000
Apr 17 11:51:58.708: vmx| CPUID[0] level 0000000d, 0: 0x00000003 0x00000240 0x00000240 0x00000000
Apr 17 11:51:58.708: vmx| CPUID[0] level 80000000, 0: 0x80000008 0x00000000 0x00000000 0x00000000
Apr 17 11:51:58.708: vmx| CPUID[0] level 80000001, 0: 0x00000000 0x00000000 0x00000001 0x20100000
Apr 17 11:51:58.708: vmx| CPUID[0] level 80000002, 0: 0x746e6550 0x286d7569 0x44202952 0x2d6c6175
Apr 17 11:51:58.708: vmx| CPUID[0] level 80000003, 0: 0x65726f43 0x55504320 0x20202020 0x54202020
Apr 17 11:51:58.708: vmx| CPUID[0] level 80000004, 0: 0x30303234 0x20402020 0x30302e32 0x007a4847
Apr 17 11:51:58.708: vmx| CPUID[0] level 80000005, 0: 0x00000000 0x00000000 0x00000000 0x00000000
Apr 17 11:51:58.708: vmx| CPUID[0] level 80000006, 0: 0x00000000 0x00000000 0x04004040 0x00000000
Apr 17 11:51:58.708: vmx| CPUID[0] level 80000007, 0: 0x00000000 0x00000000 0x00000000 0x00000000
Apr 17 11:51:58.708: vmx| CPUID[0] level 80000008, 0: 0x00003024 0x00000000 0x00000000 0x00000000
Apr 17 11:51:58.708: vmx| CPUID[1] vendor: GenuineIntel
Apr 17 11:51:58.708: vmx| CPUID[1]   name: Pentium(R) Dual-Core CPU       T4200  @ 2.00GHz
Apr 17 11:51:58.708: vmx| CPUID[1] level 00000000, 0: 0x0000000d 0x756e6547 0x6c65746e 0x49656e69
Apr 17 11:51:58.708: vmx| CPUID[1] level 00000001, 0: 0x0001067a 0x01020800 0x0c00e39d 0xbfebfbff
Apr 17 11:51:58.708: vmx| CPUID[1] level 00000002, 0: 0x05b0b101 0x005657f0 0x00000000 0x2cb43078
Apr 17 11:51:58.708: vmx| CPUID[1] level 00000003, 0: 0x00000000 0x00000000 0x00000000 0x00000000
Apr 17 11:51:58.708: vmx| CPUID[1] level 00000004, 0: 0x04000121 0x01c0003f 0x0000003f 0x00000001
Apr 17 11:51:58.708: vmx| CPUID[1] level 00000005, 0: 0x00000040 0x00000040 0x00000003 0x00002220
Apr 17 11:51:58.708: vmx| CPUID[1] level 00000006, 0: 0x00000001 0x00000002 0x00000003 0x00000000
Apr 17 11:51:58.708: vmx| CPUID[1] level 00000007, 0: 0x00000000 0x00000000 0x00000000 0x00000000
Apr 17 11:51:58.708: vmx| CPUID[1] level 00000008, 0: 0x00000400 0x00000000 0x00000000 0x00000000
Apr 17 11:51:58.708: vmx| CPUID[1] level 00000009, 0: 0x00000000 0x00000000 0x00000000 0x00000000
Apr 17 11:51:58.708: vmx| CPUID[1] level 0000000a, 0: 0x07280202 0x00000000 0x00000000 0x00000503
Apr 17 11:51:58.708: vmx| CPUID[1] level 0000000b, 0: 0x00000000 0x00000000 0x00000000 0x00000000
Apr 17 11:51:58.708: vmx| CPUID[1] level 0000000c, 0: 0x00000000 0x00000000 0x00000000 0x00000000
Apr 17 11:51:58.708: vmx| CPUID[1] level 0000000d, 0: 0x00000003 0x00000240 0x00000240 0x00000000
Apr 17 11:51:58.708: vmx| CPUID[1] level 80000000, 0: 0x80000008 0x00000000 0x00000000 0x00000000
Apr 17 11:51:58.708: vmx| CPUID[1] level 80000001, 0: 0x00000000 0x00000000 0x00000001 0x20100000
Apr 17 11:51:58.708: vmx| CPUID[1] level 80000002, 0: 0x746e6550 0x286d7569 0x44202952 0x2d6c6175
Apr 17 11:51:58.708: vmx| CPUID[1] level 80000003, 0: 0x65726f43 0x55504320 0x20202020 0x54202020
Apr 17 11:51:58.708: vmx| CPUID[1] level 80000004, 0: 0x30303234 0x20402020 0x30302e32 0x007a4847
Apr 17 11:51:58.708: vmx| CPUID[1] level 80000005, 0: 0x00000000 0x00000000 0x00000000 0x00000000
Apr 17 11:51:58.708: vmx| CPUID[1] level 80000006, 0: 0x00000000 0x00000000 0x04004040 0x00000000
Apr 17 11:51:58.708: vmx| CPUID[1] level 80000007, 0: 0x00000000 0x00000000 0x00000000 0x00000000
Apr 17 11:51:58.708: vmx| CPUID[1] level 80000008, 0: 0x00003024 0x00000000 0x00000000 0x00000000
Apr 17 11:51:58.708: vmx| hostCPUID vendor: GenuineIntel
Apr 17 11:51:58.708: vmx| hostCPUID   name: Pentium(R) Dual-Core CPU       T4200  @ 2.00GHz
Apr 17 11:51:58.708: vmx| hostCPUID level 00000000, 0: 0x0000000d 0x756e6547 0x6c65746e 0x49656e69
Apr 17 11:51:58.708: vmx| hostCPUID level 00000001, 0: 0x0001067a 0x00020800 0x0c00e39d 0xbfebfbff
Apr 17 11:51:58.708: vmx| hostCPUID level 00000002, 0: 0x05b0b101 0x005657f0 0x00000000 0x2cb43078
Apr 17 11:51:58.708: vmx| hostCPUID level 00000003, 0: 0x00000000 0x00000000 0x00000000 0x00000000
Apr 17 11:51:58.708: vmx| hostCPUID level 00000004, 0: 0x04000121 0x01c0003f 0x0000003f 0x00000001
Apr 17 11:51:58.708: vmx| hostCPUID level 00000005, 0: 0x00000040 0x00000040 0x00000003 0x00002220
Apr 17 11:51:58.708: vmx| hostCPUID level 00000006, 0: 0x00000001 0x00000002 0x00000003 0x00000000
Apr 17 11:51:58.708: vmx| hostCPUID level 00000007, 0: 0x00000000 0x00000000 0x00000000 0x00000000
Apr 17 11:51:58.708: vmx| hostCPUID level 00000008, 0: 0x00000400 0x00000000 0x00000000 0x00000000
Apr 17 11:51:58.708: vmx| hostCPUID level 00000009, 0: 0x00000000 0x00000000 0x00000000 0x00000000
Apr 17 11:51:58.708: vmx| hostCPUID level 0000000a, 0: 0x07280202 0x00000000 0x00000000 0x00000503
Apr 17 11:51:58.708: vmx| hostCPUID level 0000000b, 0: 0x00000000 0x00000000 0x00000000 0x00000000
Apr 17 11:51:58.708: vmx| hostCPUID level 0000000c, 0: 0x00000000 0x00000000 0x00000000 0x00000000
Apr 17 11:51:58.708: vmx| hostCPUID level 0000000d, 0: 0x00000003 0x00000240 0x00000240 0x00000000
Apr 17 11:51:58.708: vmx| hostCPUID level 80000000, 0: 0x80000008 0x00000000 0x00000000 0x00000000
Apr 17 11:51:58.708: vmx| hostCPUID level 80000001, 0: 0x00000000 0x00000000 0x00000001 0x20100000
Apr 17 11:51:58.708: vmx| hostCPUID level 80000002, 0: 0x746e6550 0x286d7569 0x44202952 0x2d6c6175
Apr 17 11:51:58.708: vmx| hostCPUID level 80000003, 0: 0x65726f43 0x55504320 0x20202020 0x54202020
Apr 17 11:51:58.709: vmx| hostCPUID level 80000004, 0: 0x30303234 0x20402020 0x30302e32 0x007a4847
Apr 17 11:51:58.709: vmx| hostCPUID level 80000005, 0: 0x00000000 0x00000000 0x00000000 0x00000000
Apr 17 11:51:58.709: vmx| hostCPUID level 80000006, 0: 0x00000000 0x00000000 0x04004040 0x00000000
Apr 17 11:51:58.709: vmx| hostCPUID level 80000007, 0: 0x00000000 0x00000000 0x00000000 0x00000000
Apr 17 11:51:58.709: vmx| hostCPUID level 80000008, 0: 0x00003024 0x00000000 0x00000000 0x00000000
Apr 17 11:51:58.709: vmx| CPUID Maximum Physical Address Bits supported across all CPUs: 36
Apr 17 11:51:58.718: vmx| Host ACPI: can't find SRAT
Apr 17 11:51:58.718: vmx| Host: SRAT tables not found in memory
Apr 17 11:51:58.718: vmx| Setting thread 36 stack size to 1048576.
Apr 17 11:51:58.719: WinNotifyThread| WinNotify thread is alive
Apr 17 11:51:58.930: vmx| ConfigCheck: No rules file found. Checks are disabled.
Apr 17 11:51:58.930: vmx| changing directory to C:\Users\Euan\Documents\Virtual Machines\Euan_Hume_WebArcAss3\.
Apr 17 11:51:58.930: vmx| Config file: C:\Users\Euan\Documents\Virtual Machines\Euan_Hume_WebArcAss3\Euan_Hume_WebArcAss3.vmx
Apr 17 11:51:58.933: vmx| Vix: [6048 mainDispatch.c:3485]: VMAutomation_ReportPowerOpFinished: statevar=1, newAppState=1873, success=1
Apr 17 11:51:58.933: vmx| Vix: [6048 mainDispatch.c:3485]: VMAutomation_ReportPowerOpFinished: statevar=2, newAppState=1878, success=1
Apr 17 11:51:58.983: vmx| VMXVmdb_LoadRawConfig: Loading raw config
Apr 17 11:51:59.054: vmx| VMXVmdbCbVmVmxExecState: Exec state change requested to state poweredOn without reset, hard.
Apr 17 11:51:59.054: vmx| PowerOn
Apr 17 11:51:59.054: vmx| VMX_PowerOn: VMX build 203739, UI build 203739
Apr 17 11:51:59.054: vmx| Host: WIN32 highest NUMA node 0
Apr 17 11:51:59.054: vmx| Host: WIN32 NUMA node 0, CPU mask 0x0000000000000003
Apr 17 11:51:59.064: vmx| VMXVmdb_LoadRawConfig: Loading raw config
Apr 17 11:51:59.069: vmx| Vix: [6048 mainDispatch.c:3485]: VMAutomation_ReportPowerOpFinished: statevar=0, newAppState=1871, success=1
Apr 17 11:51:59.069: vmx| HOST Windows version 6.1, build 7600, platform 2, "", SMP
Apr 17 11:51:59.069: vmx| DICT --- USER PREFERENCES C:\Users\Euan\AppData\Roaming\VMware\preferences.ini 
Apr 17 11:51:59.069: vmx| DICT       pref.eula.0.appName = VMware Player
Apr 17 11:51:59.069: vmx| DICT   pref.eula.0.buildNumber = 203739
Apr 17 11:51:59.069: vmx| DICT       pref.usbDev.maxDevs = 0
Apr 17 11:51:59.069: vmx| DICT pref.keyboardAndMouse.maxProfiles = 0
Apr 17 11:51:59.069: vmx| DICT   webUpdate.lastCheckTime = 1302986023
Apr 17 11:51:59.069: vmx| DICT webUpdate.updatesAvailable = TRUE
Apr 17 11:51:59.069: vmx| DICT       pref.eula.1.appName = VMware Workstation
Apr 17 11:51:59.069: vmx| DICT   pref.eula.1.buildNumber = 203739
Apr 17 11:51:59.069: vmx| DICT vmWizard.installMediaType = iso
Apr 17 11:51:59.069: vmx| DICT         vmWizard.guestKey = ubuntu
Apr 17 11:51:59.069: vmx| DICT vmWizard.mruISO0.isoLocation = C:\Users\Euan\Downloads\ubuntu-10.04.2-server-i386.iso
Apr 17 11:51:59.069: vmx| DICT   pref.view.toolbars.list = _SEP_,POWER_OFF,SUSPEND,POWER_ON,RESET,POLICIES,PKG_SETTINGS,NEW_PKG,POCKET_ACE,PREVIEW,SNAPSHOT,REVERT,SNAPSHOT_MANAGER,FAVORITES,QUICK_SWITCH,FULL_SCREEN,UNITY,SUMMARY,APPLIANCE,CONSOLE,QUICK_MINIMIZE,FILE_EXIT,INSTANCE_DETAILS,INSTANCE_REACT,INSTANCE_DEACT,REPLAY_PLAY,REPLAY_RECORD
Apr 17 11:51:59.069: vmx| DICT   pref.ws.currentObj.path = /vm/#458f7f7868b611c6/
Apr 17 11:51:59.069: vmx| DICT   pref.ws.currentObj.type = vm
Apr 17 11:51:59.069: vmx| DICT pref.ws.openedObj0.present = TRUE
Apr 17 11:51:59.069: vmx| DICT   pref.ws.openedObj0.name = Home
Apr 17 11:51:59.069: vmx| DICT pref.ws.openedObj1.present = TRUE
Apr 17 11:51:59.070: vmx| DICT   pref.ws.openedObj1.type = vm
Apr 17 11:51:59.070: vmx| DICT   pref.ws.openedObj1.path = /vm/#458f7f7868b611c6/
Apr 17 11:51:59.070: vmx| DICT   pref.ws.openedObj1.file = C:\Users\Euan\Documents\Virtual Machines\Euan_Hume_WebArcAss3\Euan_Hume_WebArcAss3.vmx
Apr 17 11:51:59.070: vmx| DICT   pref.ws.openedObj1.name = Euan_Hume_WebArcAss3 
Apr 17 11:51:59.070: vmx| DICT  pref.ws.openedObj.maxNum = 2
Apr 17 11:51:59.070: vmx| DICT       pref.placement.left = 1452
Apr 17 11:51:59.070: vmx| DICT        pref.placement.top = 209
Apr 17 11:51:59.070: vmx| DICT      pref.placement.right = 2312
Apr 17 11:51:59.070: vmx| DICT     pref.placement.bottom = 828
Apr 17 11:51:59.070: vmx| DICT  hint.vmui.showAllUSBDevs = FALSE
Apr 17 11:51:59.070: vmx| DICT --- USER DEFAULTS C:\Users\Euan\AppData\Roaming\VMware\config.ini 
Apr 17 11:51:59.070: vmx| DICT --- HOST DEFAULTS C:\ProgramData\VMware\VMware Workstation\config.ini 
Apr 17 11:51:59.070: vmx| DICT --- SITE DEFAULTS C:\ProgramData\VMware\VMware Workstation\config.ini 
Apr 17 11:51:59.070: vmx| DICT --- COMMAND LINE
Apr 17 11:51:59.070: vmx| DICT            vmx.stdio.keep = TRUE
Apr 17 11:51:59.070: vmx| DICT             gui.available = TRUE
Apr 17 11:51:59.070: vmx| DICT --- CONFIGURATION C:\Users\Euan\Documents\Virtual Machines\Euan_Hume_WebArcAss3\Euan_Hume_WebArcAss3.vmx 
Apr 17 11:51:59.070: vmx| DICT            config.version = 8
Apr 17 11:51:59.070: vmx| DICT         virtualHW.version = 7
Apr 17 11:51:59.070: vmx| DICT                  maxvcpus = 4
Apr 17 11:51:59.070: vmx| DICT             scsi0.present = TRUE
Apr 17 11:51:59.070: vmx| DICT          scsi0.virtualDev = lsilogic
Apr 17 11:51:59.070: vmx| DICT                   memsize = 512
Apr 17 11:51:59.070: vmx| DICT           scsi0:0.present = TRUE
Apr 17 11:51:59.070: vmx| DICT          scsi0:0.fileName = Euan_Hume_WebArcAss3.vmdk
Apr 17 11:51:59.070: vmx| DICT            ide0:0.present = FALSE
Apr 17 11:51:59.070: vmx| DICT           ide0:0.fileName = auto detect
Apr 17 11:51:59.070: vmx| DICT         ide0:0.deviceType = cdrom-raw
Apr 17 11:51:59.070: vmx| DICT            ide1:0.present = TRUE
Apr 17 11:51:59.070: vmx| DICT           ide1:0.fileName = auto detect
Apr 17 11:51:59.070: vmx| DICT         ide1:0.deviceType = cdrom-raw
Apr 17 11:51:59.070: vmx| DICT          floppy0.fileType = device
Apr 17 11:51:59.070: vmx| DICT          floppy0.fileName = 
Apr 17 11:51:59.070: vmx| DICT      floppy0.clientDevice = FALSE
Apr 17 11:51:59.070: vmx| DICT         ethernet0.present = TRUE
Apr 17 11:51:59.070: vmx| DICT  ethernet0.connectionType = nat
Apr 17 11:51:59.070: vmx| DICT   ethernet0.wakeOnPcktRcv = FALSE
Apr 17 11:51:59.070: vmx| DICT     ethernet0.addressType = generated
Apr 17 11:51:59.070: vmx| DICT               usb.present = TRUE
Apr 17 11:51:59.070: vmx| DICT              ehci.present = TRUE
Apr 17 11:51:59.070: vmx| DICT             sound.present = TRUE
Apr 17 11:51:59.070: vmx| DICT            sound.fileName = -1
Apr 17 11:51:59.070: vmx| DICT          sound.autodetect = TRUE
Apr 17 11:51:59.070: vmx| DICT        pciBridge0.present = TRUE
Apr 17 11:51:59.070: vmx| DICT        pciBridge4.present = TRUE
Apr 17 11:51:59.070: vmx| DICT     pciBridge4.virtualDev = pcieRootPort
Apr 17 11:51:59.070: vmx| DICT      pciBridge4.functions = 8
Apr 17 11:51:59.070: vmx| DICT        pciBridge5.present = TRUE
Apr 17 11:51:59.070: vmx| DICT     pciBridge5.virtualDev = pcieRootPort
Apr 17 11:51:59.070: vmx| DICT      pciBridge5.functions = 8
Apr 17 11:51:59.070: vmx| DICT        pciBridge6.present = TRUE
Apr 17 11:51:59.070: vmx| DICT     pciBridge6.virtualDev = pcieRootPort
Apr 17 11:51:59.070: vmx| DICT      pciBridge6.functions = 8
Apr 17 11:51:59.070: vmx| DICT        pciBridge7.present = TRUE
Apr 17 11:51:59.070: vmx| DICT     pciBridge7.virtualDev = pcieRootPort
Apr 17 11:51:59.070: vmx| DICT      pciBridge7.functions = 8
Apr 17 11:51:59.070: vmx| DICT             vmci0.present = TRUE
Apr 17 11:51:59.071: vmx| DICT    roamingVM.exitBehavior = go
Apr 17 11:51:59.071: vmx| DICT               displayName = Euan_Hume_WebArcAss3 
Apr 17 11:51:59.071: vmx| DICT                   guestOS = ubuntu
Apr 17 11:51:59.071: vmx| DICT                     nvram = Euan_Hume_WebArcAss3.nvram
Apr 17 11:51:59.071: vmx| DICT virtualHW.productCompatibility = hosted
Apr 17 11:51:59.071: vmx| DICT        extendedConfigFile = Euan_Hume_WebArcAss3.vmxf
Apr 17 11:51:59.071: vmx| DICT ethernet0.generatedAddress = 00:0c:29:17:84:d3
Apr 17 11:51:59.071: vmx| DICT            tools.syncTime = FALSE
Apr 17 11:51:59.071: vmx| DICT             uuid.location = 56 4d 0b d7 4f 03 75 65-fb 02 5f 6f 9b 17 84 d3
Apr 17 11:51:59.071: vmx| DICT                 uuid.bios = 56 4d 0b d7 4f 03 75 65-fb 02 5f 6f 9b 17 84 d3
Apr 17 11:51:59.071: vmx| DICT             cleanShutdown = TRUE
Apr 17 11:51:59.071: vmx| DICT          replay.supported = TRUE
Apr 17 11:51:59.071: vmx| DICT           replay.filename = 
Apr 17 11:51:59.071: vmx| DICT              scsi0:0.redo = 
Apr 17 11:51:59.071: vmx| DICT  pciBridge0.pciSlotNumber = 17
Apr 17 11:51:59.071: vmx| DICT  pciBridge4.pciSlotNumber = 21
Apr 17 11:51:59.071: vmx| DICT  pciBridge5.pciSlotNumber = 22
Apr 17 11:51:59.071: vmx| DICT  pciBridge6.pciSlotNumber = 23
Apr 17 11:51:59.071: vmx| DICT  pciBridge7.pciSlotNumber = 24
Apr 17 11:51:59.071: vmx| DICT       scsi0.pciSlotNumber = 16
Apr 17 11:51:59.071: vmx| DICT         usb.pciSlotNumber = 32
Apr 17 11:51:59.071: vmx| DICT   ethernet0.pciSlotNumber = 33
Apr 17 11:51:59.071: vmx| DICT       sound.pciSlotNumber = 34
Apr 17 11:51:59.071: vmx| DICT        ehci.pciSlotNumber = 35
Apr 17 11:51:59.071: vmx| DICT       vmci0.pciSlotNumber = 36
Apr 17 11:51:59.071: vmx| DICT  vmotion.checkpointFBSize = 16777216
Apr 17 11:51:59.071: vmx| DICT ethernet0.generatedAddressOffset = 0
Apr 17 11:51:59.071: vmx| DICT                  vmci0.id = -1692957485
Apr 17 11:51:59.071: vmx| DICT        floppy0.autodetect = TRUE
Apr 17 11:51:59.071: vmx| DICT         ide0:0.autodetect = TRUE
Apr 17 11:51:59.071: vmx| DICT         ide1:0.autodetect = TRUE
Apr 17 11:51:59.071: vmx| DICT     ide1:0.startConnected = FALSE
Apr 17 11:51:59.071: vmx| DICT    floppy0.startConnected = FALSE
Apr 17 11:51:59.071: vmx| DICT --- USER DEFAULTS C:\Users\Euan\AppData\Roaming\VMware\config.ini 
Apr 17 11:51:59.071: vmx| DICT --- HOST DEFAULTS C:\ProgramData\VMware\VMware Workstation\config.ini 
Apr 17 11:51:59.071: vmx| DICT --- SITE DEFAULTS C:\ProgramData\VMware\VMware Workstation\config.ini 
Apr 17 11:51:59.071: vmx| DICT --- GLOBAL SETTINGS C:\ProgramData\VMware\VMware Workstation\settings.ini 
Apr 17 11:51:59.075: vmx| Vix: [6048 mainDispatch.c:3485]: VMAutomation_ReportPowerOpFinished: statevar=1, newAppState=1873, success=1
Apr 17 11:51:59.084: vmx| VMXVmdb_LoadRawConfig: Loading raw config
Apr 17 11:51:59.089: vmx| hostCpuFeatures = 0x406001fc
Apr 17 11:51:59.089: vmx| hostNumPerfCounters = 2
Apr 17 11:51:59.090: vmx| CPU0: PMC: bad VMENTRY_CTL_LOAD_CPGC or VMEXIT_CTL_LOAD_CPGC
Apr 17 11:51:59.090: vmx| PMC: Patch Level 0xa07, smmFrz (hw): (1)
Apr 17 11:51:59.090: vmx| PMC: IA32, Penryn [c:0 f:1 e:0]
Apr 17 11:51:59.090: vmx| CPU1: PMC: bad VMENTRY_CTL_LOAD_CPGC or VMEXIT_CTL_LOAD_CPGC
Apr 17 11:51:59.090: vmx| PMC: Patch Level 0xa07, smmFrz (hw): (1)
Apr 17 11:51:59.090: vmx| PMC: IA32, Penryn [c:0 f:1 e:0]
Apr 17 11:51:59.090: vmx| MONITOR MODE: allowed modes          : BT
Apr 17 11:51:59.090: vmx| MONITOR MODE: user requested modes   : BT HV HWMMU
Apr 17 11:51:59.090: vmx| MONITOR MODE: guestOS preferred modes: HWMMU BT HV
Apr 17 11:51:59.090: vmx| MONITOR MODE: filtered list          : BT
Apr 17 11:51:59.090: vmx| HV Settings: virtual exec = 'software'; virtual mmu = 'software'
Apr 17 11:51:59.103: vmx| Host display topology 1920x1080.
Apr 17 11:51:59.103: vmx| SVGA: Max size 2560x1600
Apr 17 11:51:59.104: vmx| WSSCAN: reserved mem (in MB) min=32 max=2872 recommended=2872
Apr 17 11:51:59.104: vmx| WSSCAN: used rec mem (in MB) 2872
Apr 17 11:51:59.104: vmx| PShare: enabled 1 adaptive 1 local 0 scanRate [16, 400]
Apr 17 11:51:59.104: vmx| WSSCAN: 165449 8379 131072 32768
Apr 17 11:51:59.130: vmx| WSSCAN 1 1 567969 576161 735232 607555 50 0
Apr 17 11:51:59.136: vmx| LICENSE using: 'HKEY_LOCAL_MACHINE\SOFTWARE\VMware, Inc.\VMware Workstation\Dormant\License.ws.7.0.e1.200904' 
Apr 17 11:51:59.158: vmx| LOG failed to remove stats\stats32-2 failed: The system cannot find the path specified
Apr 17 11:51:59.158: vmx| LOG failed to rename stats\stats32-1 -> stats\stats32-2 failed: The system cannot find the path specified
Apr 17 11:51:59.158: vmx| LOG failed to rename stats\stats32-0 -> stats\stats32-1 failed: The system cannot find the path specified
Apr 17 11:51:59.158: vmx| LOG failed to rename stats\stats32 -> stats\stats32-0 failed: The system cannot find the path specified
Apr 17 11:51:59.158: vmx| LOG failed to remove stats\stats64-2 failed: The system cannot find the path specified
Apr 17 11:51:59.158: vmx| LOG failed to rename stats\stats64-1 -> stats\stats64-2 failed: The system cannot find the path specified
Apr 17 11:51:59.159: vmx| LOG failed to rename stats\stats64-0 -> stats\stats64-1 failed: The system cannot find the path specified
Apr 17 11:51:59.159: vmx| LOG failed to rename stats\stats64 -> stats\stats64-0 failed: The system cannot find the path specified
Apr 17 11:51:59.159: vmx| LOG failed to remove stats32-2 failed: The system cannot find the file specified
Apr 17 11:51:59.159: vmx| LOG failed to remove stats64-2 failed: The system cannot find the file specified
Apr 17 11:51:59.189: vmx| Host IPI vectors: 0xe1 0
Apr 17 11:51:59.189: vmx| Monitor_PowerOn: HostedVSMP skew tracking is disabled
Apr 17 11:51:59.189: vmx| Monitor_PowerOn: HostedVSMP crosscall yielding is disabled
Apr 17 11:51:59.190: vmx| vmm32-modules: [vmm.vmm32 .data:0x2b000-0x748 .sdata:0x2c000-0x4e4 .statvars:0x2d000-0x3a0 .peer:0x2e000-0x26200 .shared:0x5a000-0x143c0 .bss:0x6f000-0x5de8 .rodata:0x76000-0xb6c0 .text:0x82000-0x5c51d .kstatvars:0x3000-0x0, mmu-nohv.vmm32 .rodata:0x816c0-0x44 .data:0x2b748-0x10 .peer:0x54200-0x5640 .shared:0x6e3c0-0x340 .bss:0x74e00-0x51c .text:0xde520-0xa4e3 .comment:0x40000d5c-0x10e .statvars:0x2000-0x0 .kstatvars:0x2000-0x0 .scb:0x40003cc0-0x180 .shared_meta:0x400042f0-0x330 .peer_meta:0x40000f90-0x1e0 .patchtext:0x40000500-0xb0, pv-none.vmm32 .shared:0x6e700-0x180 .bss:0x75320-0x84 .text:0xe8a04-0xe2 .comment:0x40000e6a-0x48 .shared_meta:0x40004620-0x90, vprobe-none.vmm32 .text:0xe8ae8-0x19 .comment:0x40000eb2-0x12, hv-none.vmm32 .rodata:0x81704-0x4 .data:0x1000-0x0 .peer:0x1000-0x0 .shared:0x1000-0x0 .bss:0x1000-0x0 .text:0xe8b04-0x11 .comment:0x40000ec4-0x12 .statvars:0x1000-0x0 .kstatvars:0x1000-0x0, gphys-sw.vmm32 .peer:0x59840-0x40 .shared:0x6e880-0x80 .bss:0x2000-0x0 .text:0xe8b20-0x7d1 .comment:0x40000ed6-0x12 .scb:0x40003e40-0x60 .shared_meta:0x400046b0-0x240 .peer_meta:0x40001170-0x30, vassert-none.vmm32 .text:0xe92f4-0x39 .comment:0x40000ee8-0x12, vmsafe-none.vmm32 .text:0xe9330-0x1b .comment:0x40000efa-0x12, <MonSrcFile> .rodata:0x81708-0x3ce]
Apr 17 11:51:59.195: vmx| KHZEstimate 2000000
Apr 17 11:51:59.195: vmx| MHZEstimate 2000
Apr 17 11:51:59.195: vmx| NumVCPUs 1
Apr 17 11:51:59.196: vmx| PShare: checkRate 16
Apr 17 11:51:59.196: vmx| UUID: location-UUID is 56 4d 9f 57 36 1b f3 af-dc 83 ab 57 6e 06 3e 7f
Apr 17 11:51:59.198: vmx| UUID: location-UUID is 56 4d 0b d7 4f 03 75 65-fb 02 5f 6f 9b 17 84 d3
Apr 17 11:51:59.199: vmx| UUID: location-UUID is 56 4d 0b d7 4f 03 75 65-fb 02 5f 6f 9b 17 84 d3
Apr 17 11:51:59.199: vmx| AIOGNRC: numThreads=18 ide=0, scsi=1, passthru=1
Apr 17 11:51:59.199: vmx| WORKER: Creating new group with numThreads=18 (18)
Apr 17 11:51:59.337: vmx| Replay State = 0
Apr 17 11:51:59.337: vmx| minDEThreshold: 76
Apr 17 11:51:59.369: vmx| MM: Using partialmap, 131072 pages AC 0 CE 1 TM 0 DOHU 0
Apr 17 11:51:59.379: vmx| MMC: Initialized PLS=1 PLR=0 PFS=0 TS=1 BS=1 WZ=0 BufM=512 SOR=1 BlkP=32 W=50 PF=512
Apr 17 11:51:59.380: vmx| UUID: location-UUID is 56 4d 0b d7 4f 03 75 65-fb 02 5f 6f 9b 17 84 d3
Apr 17 11:51:59.386: vmx| MM: Opened paging file, 'C:\Users\Euan\Documents\Virtual Machines\Euan_Hume_WebArcAss3\564d0bd7-4f03-7565-fb02-5f6f9b1784d3.vmem'.
Apr 17 11:51:59.388: vmx| MStat: Creating Stat vm.uptime
Apr 17 11:51:59.388: vmx| MStat: Creating Stat vm.suspendTime
Apr 17 11:51:59.388: vmx| MStat: Creating Stat vm.powerOnTimeStamp
Apr 17 11:51:59.388: vmx| Setting thread 37 stack size to 1048576.
Apr 17 11:51:59.390: vmx| VMXAIOMGR: Using: simple=Generic unbuf=Compl
Apr 17 11:51:59.416: vmx| VMXVmdb_LoadRawConfig: Loading raw config
Apr 17 11:51:59.421: vmx| DISK: OPEN scsi0:0 'C:\Users\Euan\Documents\Virtual Machines\Euan_Hume_WebArcAss3\Euan_Hume_WebArcAss3.vmdk' persistent R[]
Apr 17 11:51:59.706: vmx| DISKLIB-DSCPTR: Opened [0]: "Euan_Hume_WebArcAss3.vmdk" (0xa)
Apr 17 11:51:59.706: vmx| DISKLIB-LINK  : Opened 'C:\Users\Euan\Documents\Virtual Machines\Euan_Hume_WebArcAss3\Euan_Hume_WebArcAss3.vmdk' (0xa): monolithicSparse, 4194304 sectors / 2 GB.
Apr 17 11:51:59.706: vmx| DISKLIB-LIB   : Opened "C:\Users\Euan\Documents\Virtual Machines\Euan_Hume_WebArcAss3\Euan_Hume_WebArcAss3.vmdk" (flags 0xa).
Apr 17 11:51:59.707: vmx| DiskGetGeometry: Reading of disk partition table
Apr 17 11:51:59.709: vmx| DISK: OPEN 'C:\Users\Euan\Documents\Virtual Machines\Euan_Hume_WebArcAss3\Euan_Hume_WebArcAss3.vmdk' Geo (261/255/63) BIOS Geo (261/255/63)
Apr 17 11:51:59.799: vmx| TimeTracker host to guest rate conversion 14245664824710 @ 2000000000Hz -> 14245664824710 @ 2000000000Hz
Apr 17 11:51:59.799: vmx| TimeTracker host to guest rate conversion ((x * 2147483648) >> 31) + 0
Apr 17 11:51:59.800: vmx| USB: Initializing 'Generic' backend
Apr 17 11:51:59.801: vmx| USBGW: Write arbitrator op:0 len:4
Apr 17 11:51:59.803: vmx| USBGW: Write arbitrator op:13 len:26
Apr 17 11:51:59.803: vmx| USB: Initializing 'Virtual Hub' backend
Apr 17 11:51:59.803: vmx| USB: Initializing 'Virtual Mouse' backend
Apr 17 11:51:59.803: vmx| USB: Initializing 'Virtual Keyboard' backend
Apr 17 11:51:59.803: vmx| USB: Initializing 'Virtual Mass Storage' backend
Apr 17 11:51:59.803: vmx| USB: Initializing 'Virtual CCID' backend
Apr 17 11:51:59.834: vmx| Setting thread 38 stack size to 1048576.
Apr 17 11:51:59.835: usbCCIDEnumCards| USB-CCID: Card enum thread created.
Apr 17 11:51:59.835: vmx| WORKER: Creating new group with numThreads=1 (19)
Apr 17 11:51:59.886: vmx| USBGW: Skipping disk backing for file (C:\Users\Euan\Documents\Virtual Machines\Euan_Hume_WebArcAss3\Euan_Hume_WebArcAss3.vmx).
Apr 17 11:51:59.888: vmx| USBGW: Skipping disk backing for file (C:\Users\Euan\Documents\Virtual Machines\Euan_Hume_WebArcAss3\Euan_Hume_WebArcAss3.vmdk).
Apr 17 11:51:59.890: vmx| USBGW: Skipping disk backing for file (C:\Users\Euan\Documents\Virtual Machines\Euan_Hume_WebArcAss3\Euan_Hume_WebArcAss3.vmsd).
Apr 17 11:51:59.891: vmx| USBGW: Skipping disk backing for file (C:\Users\Euan\Documents\Virtual Machines\Euan_Hume_WebArcAss3\Euan_Hume_WebArcAss3.nvram).
Apr 17 11:51:59.898: vmx| WORKER: Creating new group with numThreads=1 (20)
Apr 17 11:51:59.898: vmx| MKS: Base polling period is 1000000us
Apr 17 11:51:59.899: vmx| KHBKL: Unable to parse keystring at: ''
Apr 17 11:51:59.899: vmx| MKS REMOTE Loading VNC Configuration from VM config file
Apr 17 11:51:59.905: vmx| VLANCE: send cluster threshold is 80, size = 2 recalcInterval is 2 ticks
Apr 17 11:51:59.905: vmx| VMXNET: send cluster threshold is 80, size = 2 recalcInterval is 2 ticks, dontClusterSize is 128
Apr 17 11:51:59.906: vmx| NetPkt: checksum cycles/kB: C=35 asm1=616 asm2=615
Apr 17 11:51:59.906: vmx| NetPkt: copy and sum cycles/kB: C=1423 asm1=623 asm2=622
Apr 17 11:51:59.912: vmx| Chipset version: 0x13
Apr 17 11:51:59.951: vmx| DISKUTIL: ide1:0 : capacity=0
Apr 17 11:51:59.951: vmx| DISKUTIL: ide1:0 : geometry=0/0/0
Apr 17 11:51:59.951: vmx| LSI: vIC initialized 50/4/100/0
Apr 17 11:51:59.952: vmx| SCSI0: UNTAGGED commands will be converted to ORDER tags.
Apr 17 11:51:59.952: vmx| DISKUTIL: scsi0:0 : capacity=4194304
Apr 17 11:51:59.952: vmx| DISKUTIL: scsi0:0 : geometry=261/255/63
Apr 17 11:51:59.953: vmx| SVGA: Device capabilities 0x001fc3e2
Apr 17 11:51:59.953: vmx| Host display topology 1920x1080.
Apr 17 11:51:59.953: vmx| SVGA: Max size 2560x1600
Apr 17 11:51:59.985: vmx| Host display topology 1920x1080 with 1 displays.
Apr 17 11:51:59.985: vmx| SVGA: Max size 2560x1600
Apr 17 11:51:59.985: vmx| SVGA: FIFO capabilities 0x0000007f
Apr 17 11:51:59.985: vmx| USB: Initializing 'UHCI' host controller
Apr 17 11:51:59.986: vmx| Ethernet0 MAC Address: 00:0c:29:17:84:d3
Apr 17 11:51:59.986: vmx| USB: Initializing 'EHCI' host controller
Apr 17 11:52:00.023: vmx| MStat: Creating Stat vm.heartbeat
Apr 17 11:52:00.024: vmx| TOOLS Generated SessionId 15289807551590862356
Apr 17 11:52:00.024: vmx| VMXVmdbGuest_GetToolsVersion did nothing; tools version has not yet been initialized
Apr 17 11:52:00.024: vmx| DISKUTIL: scsi0:0 : toolsVersion = 8227
Apr 17 11:52:00.024: vmx| VMXVmdbGuest_GetToolsVersion did nothing; tools version has not yet been initialized
Apr 17 11:52:00.024: vmx| TOOLS setting legacy tools version to '8227', manifest status is 5
Apr 17 11:52:00.024: vmx| VMXVmdb_SetToolsVersionState: status value set to 'ok'
Apr 17 11:52:00.028: vmx| VMXVmdb_SetToolsVersionState: status value set to 'ok'
Apr 17 11:52:00.030: vmx| TOOLS INSTALL initializing state to IDLE on power on.
Apr 17 11:52:00.043: vmx| PTSC to VMI Wallclock (nsec) 14246151296930 @ 2000000000Hz -> 1303037520000000000 @ 1000000000Hz
Apr 17 11:52:00.043: vmx| PTSC to VMI Wallclock (nsec) ((x * 2147483648) >> 32) + 1303030396924351535
Apr 17 11:52:00.043: vmx| PTSC to ParaTime RealCycles 0 @ 2000000000Hz -> 0 @ 2000000000Hz
Apr 17 11:52:00.043: vmx| PTSC to ParaTime RealCycles ((x * 1) >> 0) + 0
Apr 17 11:52:00.043: vmx| ParaTime RealCycles to PTSC 0 @ 2000000000Hz -> 0 @ 2000000000Hz
Apr 17 11:52:00.043: vmx| ParaTime RealCycles to PTSC ((x * 1) >> 0) + 0
Apr 17 11:52:00.043: vmx| memoryHotplug: Current size = 512MB, Minimum size = 512MB, Maximum size = 512MB
Apr 17 11:52:00.043: vmx| memoryHotplug: Entry[0]: 00000000000000A0-00000000000A0000
Apr 17 11:52:00.043: vmx| memoryHotplug: Entry[1]: 00000000001000A0-0000000020000000
Apr 17 11:52:00.046: vmx| guestCpuFeatures = 0x404001f8
Apr 17 11:52:00.046: vmx| guestCPUID vendor: GenuineIntel
Apr 17 11:52:00.046: vmx| guestCPUID   name: Pentium(R) Dual-Core CPU       T4200  @ 2.00GHz
Apr 17 11:52:00.046: vmx| guestCPUID level 00000000, 0: 0x0000000d 0x756e6547 0x6c65746e 0x49656e69
Apr 17 11:52:00.046: vmx| guestCPUID level 00000001, 0: 0x0001067a 0x00010800 0x80000201 0x0febfbff
Apr 17 11:52:00.046: vmx| guestCPUID level 00000002, 0: 0x05b0b101 0x005657f0 0x00000000 0x2cb43078
Apr 17 11:52:00.046: vmx| guestCPUID level 00000003, 0: 0x00000000 0x00000000 0x00000000 0x00000000
Apr 17 11:52:00.046: vmx| guestCPUID level 00000004, 0: 0x04000121 0x01c0003f 0x0000003f 0x00000001
Apr 17 11:52:00.046: vmx| guestCPUID level 00000005, 0: 0x00000040 0x00000040 0x00000003 0x00002220
Apr 17 11:52:00.046: vmx| guestCPUID level 00000006, 0: 0x00000001 0x00000002 0x00000003 0x00000000
Apr 17 11:52:00.046: vmx| guestCPUID level 00000007, 0: 0x00000000 0x00000000 0x00000000 0x00000000
Apr 17 11:52:00.046: vmx| guestCPUID level 00000008, 0: 0x00000400 0x00000000 0x00000000 0x00000000
Apr 17 11:52:00.046: vmx| guestCPUID level 00000009, 0: 0x00000000 0x00000000 0x00000000 0x00000000
Apr 17 11:52:00.046: vmx| guestCPUID level 0000000a, 0: 0x07280202 0x00000000 0x00000000 0x00000503
Apr 17 11:52:00.046: vmx| guestCPUID level 0000000b, 0: 0x00000000 0x00000000 0x00000000 0x00000000
Apr 17 11:52:00.046: vmx| guestCPUID level 0000000c, 0: 0x00000000 0x00000000 0x00000000 0x00000000
Apr 17 11:52:00.046: vmx| guestCPUID level 0000000d, 0: 0x00000003 0x00000240 0x00000240 0x00000000
Apr 17 11:52:00.046: vmx| guestCPUID level 40000000, 0: 0x40000010 0x61774d56 0x4d566572 0x65726177
Apr 17 11:52:00.046: vmx| guestCPUID level 40000010, 0: 0x001e8480 0x000101d0 0x00000000 0x00000000
Apr 17 11:52:00.046: vmx| guestCPUID level 80000000, 0: 0x80000008 0x00000000 0x00000000 0x00000000
Apr 17 11:52:00.046: vmx| guestCPUID level 80000001, 0: 0x00000000 0x00000000 0x00000000 0x00100000
Apr 17 11:52:00.047: vmx| guestCPUID level 80000002, 0: 0x746e6550 0x286d7569 0x44202952 0x2d6c6175
Apr 17 11:52:00.047: vmx| guestCPUID level 80000003, 0: 0x65726f43 0x55504320 0x20202020 0x54202020
Apr 17 11:52:00.047: vmx| guestCPUID level 80000004, 0: 0x30303234 0x20402020 0x30302e32 0x007a4847
Apr 17 11:52:00.047: vmx| guestCPUID level 80000005, 0: 0x00000000 0x00000000 0x00000000 0x00000000
Apr 17 11:52:00.047: vmx| guestCPUID level 80000006, 0: 0x00000000 0x00000000 0x04004040 0x00000000
Apr 17 11:52:00.047: vmx| guestCPUID level 80000007, 0: 0x00000000 0x00000000 0x00000000 0x00000000
Apr 17 11:52:00.047: vmx| guestCPUID level 80000008, 0: 0x00003028 0x00000000 0x00000000 0x00000000
Apr 17 11:52:00.050: vmx| BusMemSample: initPercent 75 touched 98304
Apr 17 11:52:00.050: vmx| TOOLS received request in VMX to set option 'enableDnD' -> '1'
Apr 17 11:52:00.050: vmx| TOOLS received request in VMX to set option 'copypaste' -> '1'
Apr 17 11:52:00.053: vmx| Vix: [6048 mainDispatch.c:710]: VMAutomation_PowerOn. Powering on.
Apr 17 11:52:00.054: vmx| VMX_PowerOn: ModuleTable_PowerOn = 1
Apr 17 11:52:00.054: vmx| Setting thread 1 stack size to 2097152.
Apr 17 11:52:00.055: mks| Async MKS thread is alive
Apr 17 11:52:00.057: vmx| Setting thread 4 stack size to 1048576.
Apr 17 11:52:00.066: vmx| DnDRegisterRpc: DnD rpc already set to 1
Apr 17 11:52:00.066: vmx| CopyPasteRegisterRpc: already set to 1
Apr 17 11:52:00.066: vcpu-0| APIC: version = 0x14, max LVT = 5
Apr 17 11:52:00.066: vcpu-0| APIC: LDR = 0x2000000, DFR = 0xffffffff
Apr 17 11:52:00.073: vcpu-0| CPU reset: hard (mode 2)
Apr 17 11:52:00.073: vcpu-0| memoryHotplug: Entry[0]: 00000000000000A0-00000000000A0000
Apr 17 11:52:00.073: vcpu-0| memoryHotplug: Entry[1]: 00000000001000A0-0000000020000000
Apr 17 11:52:00.073: vcpu-0| PIIX4: PM Resuming from suspend type 0x0.
Apr 17 11:52:00.150: vcpu-0| SOUND 001.448977 PCISoundWin32 mixerGetLineInfo error 1
Apr 17 11:52:00.153: vcpu-0| VNET: MACVNetConnectToNetwork: Ethernet0: notify available
Apr 17 11:52:00.153: vcpu-0| Vix: [4692 mainDispatch.c:3485]: VMAutomation_ReportPowerOpFinished: statevar=0, newAppState=1872, success=1
Apr 17 11:52:00.161: vcpu-0| Vix: [4692 mainDispatch.c:3406]: VMAutomationReportPowerStateChange: Reporting power state change (opcode=0, err=0).
Apr 17 11:52:00.161: vcpu-0| Vix: [4692 mainDispatch.c:3406]: VMAutomationReportPowerStateChange: Reporting power state change (opcode=2, err=0).
Apr 17 11:52:00.161: vcpu-0| Transitioned vmx/execState/val to poweredOn
Apr 17 11:52:00.223: vmx| VMXVmdb_LoadRawConfig: Loading raw config
Apr 17 11:52:00.374: mks| Connecting to window system.
Apr 17 11:52:00.375: mks| MKS: Base polling period is 10000us
Apr 17 11:52:00.375: mks| Setting thread 39 stack size to 1048576.
Apr 17 11:52:00.386: mks| GdiBackendConstruct: Using software emulation for overlays.
Apr 17 11:52:00.390: mks| VMXAIOMGR: Disallowing USB connect.  1688944 us since last reopen
Apr 17 11:52:00.415: mks| HostOps hideCursor before defineCursor!
Apr 17 11:52:00.460: vcpu-0| sz=2965472
Apr 17 11:52:00.468: vcpu-0| vmm32 initialized: Releasebuild-203739. cflags: 0x00000008.01001000.20602100.00340003
Apr 17 11:52:00.487: vcpu-0| MonitorInitNumaUnmapVMM32
Apr 17 11:52:00.803: mks| VMXAIOMGR: Disallowing USB connect.  2102046 us since last reopen
Apr 17 11:52:00.804: mks| Setting thread 39 stack size to 1048576.
Apr 17 11:52:00.834: vmx| VMXVmdbLoadUsbDevices: New set of 3 USB devices
Apr 17 11:52:00.834: vmx| USB: Found device [name:Hewlett-Packard\ USB\ Printing\ Support vid:03f0 pid:6104 path:1/3/1 speed:full family:printer]
Apr 17 11:52:00.834: vmx| USB: Found device [name:Apple\ USB\ Mass\ Storage\ Device vid:05ac pid:1209 path:1/7/2 speed:high family:audio,hid,storage]
Apr 17 11:52:00.834: vmx| USB: Found device [name:Suyin\ USB\ Composite\ Device vid:064e pid:a103 path:1/7/4 speed:high family:other]
Apr 17 11:52:00.939: vcpu-0| SVGA: Registering MemSpace at 0xd0000000(0x0) and 0xd8000000(0x0)
Apr 17 11:52:00.945: vcpu-0| SVGA: Unregistering MemSpace at 0xd0000000(0xd0000000) and 0xd8000000(0xd8000000)
Apr 17 11:52:01.142: vcpu-0| SVGA: Registering MemSpace at 0xd0000000(0xd0000000) and 0xd8000000(0xd8000000)
Apr 17 11:52:01.149: vcpu-0| SVGA: Unregistering MemSpace at 0xd0000000(0xd0000000) and 0xd8000000(0xd8000000)
Apr 17 11:52:01.152: vcpu-0| SVGA: Registering IOSpace at 0x10d0
Apr 17 11:52:01.152: vcpu-0| SVGA: Registering MemSpace at 0xd0000000(0xd0000000) and 0xd8000000(0xd8000000)
Apr 17 11:52:01.158: vcpu-0| PCIBridge4: ISA/VGA decoding enabled (ctrl 0004)
Apr 17 11:52:01.160: vcpu-0| pciBridge4:1: ISA/VGA decoding enabled (ctrl 0004)
Apr 17 11:52:01.161: vcpu-0| pciBridge4:2: ISA/VGA decoding enabled (ctrl 0004)
Apr 17 11:52:01.163: vcpu-0| pciBridge4:3: ISA/VGA decoding enabled (ctrl 0004)
Apr 17 11:52:01.164: vcpu-0| pciBridge4:4: ISA/VGA decoding enabled (ctrl 0004)
Apr 17 11:52:01.166: vcpu-0| pciBridge4:5: ISA/VGA decoding enabled (ctrl 0004)
Apr 17 11:52:01.167: vcpu-0| pciBridge4:6: ISA/VGA decoding enabled (ctrl 0004)
Apr 17 11:52:01.168: vcpu-0| pciBridge4:7: ISA/VGA decoding enabled (ctrl 0004)
Apr 17 11:52:01.170: vcpu-0| PCIBridge5: ISA/VGA decoding enabled (ctrl 0004)
Apr 17 11:52:01.171: vcpu-0| pciBridge5:1: ISA/VGA decoding enabled (ctrl 0004)
Apr 17 11:52:01.173: vcpu-0| pciBridge5:2: ISA/VGA decoding enabled (ctrl 0004)
Apr 17 11:52:01.174: vcpu-0| pciBridge5:3: ISA/VGA decoding enabled (ctrl 0004)
Apr 17 11:52:01.175: vcpu-0| pciBridge5:4: ISA/VGA decoding enabled (ctrl 0004)
Apr 17 11:52:01.177: vcpu-0| pciBridge5:5: ISA/VGA decoding enabled (ctrl 0004)
Apr 17 11:52:01.178: vcpu-0| pciBridge5:6: ISA/VGA decoding enabled (ctrl 0004)
Apr 17 11:52:01.179: vcpu-0| pciBridge5:7: ISA/VGA decoding enabled (ctrl 0004)
Apr 17 11:52:01.181: vcpu-0| PCIBridge6: ISA/VGA decoding enabled (ctrl 0004)
Apr 17 11:52:01.182: vcpu-0| pciBridge6:1: ISA/VGA decoding enabled (ctrl 0004)
Apr 17 11:52:01.184: vcpu-0| pciBridge6:2: ISA/VGA decoding enabled (ctrl 0004)
Apr 17 11:52:01.185: vcpu-0| pciBridge6:3: ISA/VGA decoding enabled (ctrl 0004)
Apr 17 11:52:01.187: vcpu-0| pciBridge6:4: ISA/VGA decoding enabled (ctrl 0004)
Apr 17 11:52:01.188: vcpu-0| pciBridge6:5: ISA/VGA decoding enabled (ctrl 0004)
Apr 17 11:52:01.190: vcpu-0| pciBridge6:6: ISA/VGA decoding enabled (ctrl 0004)
Apr 17 11:52:01.191: vcpu-0| pciBridge6:7: ISA/VGA decoding enabled (ctrl 0004)
Apr 17 11:52:01.193: vcpu-0| PCIBridge7: ISA/VGA decoding enabled (ctrl 0004)
Apr 17 11:52:01.194: vcpu-0| pciBridge7:1: ISA/VGA decoding enabled (ctrl 0004)
Apr 17 11:52:01.195: vcpu-0| pciBridge7:2: ISA/VGA decoding enabled (ctrl 0004)
Apr 17 11:52:01.197: vcpu-0| pciBridge7:3: ISA/VGA decoding enabled (ctrl 0004)
Apr 17 11:52:01.198: vcpu-0| pciBridge7:4: ISA/VGA decoding enabled (ctrl 0004)
Apr 17 11:52:01.200: vcpu-0| pciBridge7:5: ISA/VGA decoding enabled (ctrl 0004)
Apr 17 11:52:01.201: vcpu-0| pciBridge7:6: ISA/VGA decoding enabled (ctrl 0004)
Apr 17 11:52:01.203: vcpu-0| pciBridge7:7: ISA/VGA decoding enabled (ctrl 0004)
Apr 17 11:52:01.448: vcpu-0| PCIBridge4: ISA/VGA decoding enabled (ctrl 0004)
Apr 17 11:52:01.449: vcpu-0| pciBridge4:1: ISA/VGA decoding enabled (ctrl 0004)
Apr 17 11:52:01.451: vcpu-0| pciBridge4:2: ISA/VGA decoding enabled (ctrl 0004)
Apr 17 11:52:01.452: vcpu-0| pciBridge4:3: ISA/VGA decoding enabled (ctrl 0004)
Apr 17 11:52:01.454: vcpu-0| pciBridge4:4: ISA/VGA decoding enabled (ctrl 0004)
Apr 17 11:52:01.455: vcpu-0| pciBridge4:5: ISA/VGA decoding enabled (ctrl 0004)
Apr 17 11:52:01.457: vcpu-0| pciBridge4:6: ISA/VGA decoding enabled (ctrl 0004)
Apr 17 11:52:01.458: vcpu-0| pciBridge4:7: ISA/VGA decoding enabled (ctrl 0004)
Apr 17 11:52:01.459: vcpu-0| PCIBridge5: ISA/VGA decoding enabled (ctrl 0004)
Apr 17 11:52:01.461: vcpu-0| pciBridge5:1: ISA/VGA decoding enabled (ctrl 0004)
Apr 17 11:52:01.462: vcpu-0| pciBridge5:2: ISA/VGA decoding enabled (ctrl 0004)
Apr 17 11:52:01.463: vcpu-0| pciBridge5:3: ISA/VGA decoding enabled (ctrl 0004)
Apr 17 11:52:01.465: vcpu-0| pciBridge5:4: ISA/VGA decoding enabled (ctrl 0004)
Apr 17 11:52:01.466: vcpu-0| pciBridge5:5: ISA/VGA decoding enabled (ctrl 0004)
Apr 17 11:52:01.468: vcpu-0| pciBridge5:6: ISA/VGA decoding enabled (ctrl 0004)
Apr 17 11:52:01.469: vcpu-0| pciBridge5:7: ISA/VGA decoding enabled (ctrl 0004)
Apr 17 11:52:01.470: vcpu-0| PCIBridge6: ISA/VGA decoding enabled (ctrl 0004)
Apr 17 11:52:01.472: vcpu-0| pciBridge6:1: ISA/VGA decoding enabled (ctrl 0004)
Apr 17 11:52:01.473: vcpu-0| pciBridge6:2: ISA/VGA decoding enabled (ctrl 0004)
Apr 17 11:52:01.475: vcpu-0| pciBridge6:3: ISA/VGA decoding enabled (ctrl 0004)
Apr 17 11:52:01.476: vcpu-0| pciBridge6:4: ISA/VGA decoding enabled (ctrl 0004)
Apr 17 11:52:01.477: vcpu-0| pciBridge6:5: ISA/VGA decoding enabled (ctrl 0004)
Apr 17 11:52:01.479: vcpu-0| pciBridge6:6: ISA/VGA decoding enabled (ctrl 0004)
Apr 17 11:52:01.480: vcpu-0| pciBridge6:7: ISA/VGA decoding enabled (ctrl 0004)
Apr 17 11:52:01.481: vcpu-0| PCIBridge7: ISA/VGA decoding enabled (ctrl 0004)
Apr 17 11:52:01.483: vcpu-0| pciBridge7:1: ISA/VGA decoding enabled (ctrl 0004)
Apr 17 11:52:01.484: vcpu-0| pciBridge7:2: ISA/VGA decoding enabled (ctrl 0004)
Apr 17 11:52:01.485: vcpu-0| pciBridge7:3: ISA/VGA decoding enabled (ctrl 0004)
Apr 17 11:52:01.487: vcpu-0| pciBridge7:4: ISA/VGA decoding enabled (ctrl 0004)
Apr 17 11:52:01.488: vcpu-0| pciBridge7:5: ISA/VGA decoding enabled (ctrl 0004)
Apr 17 11:52:01.490: vcpu-0| pciBridge7:6: ISA/VGA decoding enabled (ctrl 0004)
Apr 17 11:52:01.491: vcpu-0| pciBridge7:7: ISA/VGA decoding enabled (ctrl 0004)
Apr 17 11:52:01.500: vcpu-0| DISKUTIL: scsi0:0 : geometry=261/255/63
Apr 17 11:52:01.500: vcpu-0| DISKUTIL: scsi0:0 : capacity=4194304
Apr 17 11:52:01.501: vcpu-0| SCSI0: RESET BUS
Apr 17 11:52:01.578: vcpu-0| BIOS-UUID is 56 4d 0b d7 4f 03 75 65-fb 02 5f 6f 9b 17 84 d3
Apr 17 11:52:01.968: mks| HostOps hideCursor before defineCursor!
Apr 17 11:52:02.587: mks| HostOps hideCursor before defineCursor!
Apr 17 11:52:03.908: mks| HostOps hideCursor before defineCursor!
Apr 17 11:52:04.981: vcpu-0| SVGA: Unregistering IOSpace at 0x10d0
Apr 17 11:52:04.981: vcpu-0| SVGA: Registering IOSpace at 0xfffffff0
Apr 17 11:52:04.982: vcpu-0| SVGA: Unregistering IOSpace at 0xfffffff0
Apr 17 11:52:04.982: vcpu-0| SVGA: Registering IOSpace at 0x10d0
Apr 17 11:52:05.018: vcpu-0| PCIBridge4: ISA/VGA decoding enabled (ctrl 0004)
Apr 17 11:52:05.018: vcpu-0| PCIBridge4: ISA/VGA decoding enabled (ctrl 0004)
Apr 17 11:52:05.018: vcpu-0| pciBridge4:1: ISA/VGA decoding enabled (ctrl 0004)
Apr 17 11:52:05.019: vcpu-0| pciBridge4:1: ISA/VGA decoding enabled (ctrl 0004)
Apr 17 11:52:05.019: vcpu-0| pciBridge4:2: ISA/VGA decoding enabled (ctrl 0004)
Apr 17 11:52:05.019: vcpu-0| pciBridge4:2: ISA/VGA decoding enabled (ctrl 0004)
Apr 17 11:52:05.019: vcpu-0| pciBridge4:3: ISA/VGA decoding enabled (ctrl 0004)
Apr 17 11:52:05.020: vcpu-0| pciBridge4:3: ISA/VGA decoding enabled (ctrl 0004)
Apr 17 11:52:05.020: vcpu-0| pciBridge4:4: ISA/VGA decoding enabled (ctrl 0004)
Apr 17 11:52:05.020: vcpu-0| pciBridge4:4: ISA/VGA decoding enabled (ctrl 0004)
Apr 17 11:52:05.020: vcpu-0| pciBridge4:5: ISA/VGA decoding enabled (ctrl 0004)
Apr 17 11:52:05.021: vcpu-0| pciBridge4:5: ISA/VGA decoding enabled (ctrl 0004)
Apr 17 11:52:05.021: vcpu-0| pciBridge4:6: ISA/VGA decoding enabled (ctrl 0004)
Apr 17 11:52:05.021: vcpu-0| pciBridge4:6: ISA/VGA decoding enabled (ctrl 0004)
Apr 17 11:52:05.021: vcpu-0| pciBridge4:7: ISA/VGA decoding enabled (ctrl 0004)
Apr 17 11:52:05.022: vcpu-0| pciBridge4:7: ISA/VGA decoding enabled (ctrl 0004)
Apr 17 11:52:05.022: vcpu-0| PCIBridge5: ISA/VGA decoding enabled (ctrl 0004)
Apr 17 11:52:05.022: vcpu-0| PCIBridge5: ISA/VGA decoding enabled (ctrl 0004)
Apr 17 11:52:05.022: vcpu-0| pciBridge5:1: ISA/VGA decoding enabled (ctrl 0004)
Apr 17 11:52:05.023: vcpu-0| pciBridge5:1: ISA/VGA decoding enabled (ctrl 0004)
Apr 17 11:52:05.023: vcpu-0| pciBridge5:2: ISA/VGA decoding enabled (ctrl 0004)
Apr 17 11:52:05.023: vcpu-0| pciBridge5:2: ISA/VGA decoding enabled (ctrl 0004)
Apr 17 11:52:05.023: vcpu-0| pciBridge5:3: ISA/VGA decoding enabled (ctrl 0004)
Apr 17 11:52:05.024: vcpu-0| pciBridge5:3: ISA/VGA decoding enabled (ctrl 0004)
Apr 17 11:52:05.024: vcpu-0| pciBridge5:4: ISA/VGA decoding enabled (ctrl 0004)
Apr 17 11:52:05.025: vcpu-0| pciBridge5:4: ISA/VGA decoding enabled (ctrl 0004)
Apr 17 11:52:05.025: vcpu-0| pciBridge5:5: ISA/VGA decoding enabled (ctrl 0004)
Apr 17 11:52:05.025: vcpu-0| pciBridge5:5: ISA/VGA decoding enabled (ctrl 0004)
Apr 17 11:52:05.025: vcpu-0| pciBridge5:6: ISA/VGA decoding enabled (ctrl 0004)
Apr 17 11:52:05.026: vcpu-0| pciBridge5:6: ISA/VGA decoding enabled (ctrl 0004)
Apr 17 11:52:05.026: vcpu-0| pciBridge5:7: ISA/VGA decoding enabled (ctrl 0004)
Apr 17 11:52:05.026: vcpu-0| pciBridge5:7: ISA/VGA decoding enabled (ctrl 0004)
Apr 17 11:52:05.026: vcpu-0| PCIBridge6: ISA/VGA decoding enabled (ctrl 0004)
Apr 17 11:52:05.027: vcpu-0| PCIBridge6: ISA/VGA decoding enabled (ctrl 0004)
Apr 17 11:52:05.027: vcpu-0| pciBridge6:1: ISA/VGA decoding enabled (ctrl 0004)
Apr 17 11:52:05.027: vcpu-0| pciBridge6:1: ISA/VGA decoding enabled (ctrl 0004)
Apr 17 11:52:05.027: vcpu-0| pciBridge6:2: ISA/VGA decoding enabled (ctrl 0004)
Apr 17 11:52:05.028: vcpu-0| pciBridge6:2: ISA/VGA decoding enabled (ctrl 0004)
Apr 17 11:52:05.028: vcpu-0| pciBridge6:3: ISA/VGA decoding enabled (ctrl 0004)
Apr 17 11:52:05.028: vcpu-0| pciBridge6:3: ISA/VGA decoding enabled (ctrl 0004)
Apr 17 11:52:05.028: vcpu-0| pciBridge6:4: ISA/VGA decoding enabled (ctrl 0004)
Apr 17 11:52:05.029: vcpu-0| pciBridge6:4: ISA/VGA decoding enabled (ctrl 0004)
Apr 17 11:52:05.029: vcpu-0| pciBridge6:5: ISA/VGA decoding enabled (ctrl 0004)
Apr 17 11:52:05.029: vcpu-0| pciBridge6:5: ISA/VGA decoding enabled (ctrl 0004)
Apr 17 11:52:05.029: vcpu-0| pciBridge6:6: ISA/VGA decoding enabled (ctrl 0004)
Apr 17 11:52:05.030: vcpu-0| pciBridge6:6: ISA/VGA decoding enabled (ctrl 0004)
Apr 17 11:52:05.030: vcpu-0| pciBridge6:7: ISA/VGA decoding enabled (ctrl 0004)
Apr 17 11:52:05.030: vcpu-0| pciBridge6:7: ISA/VGA decoding enabled (ctrl 0004)
Apr 17 11:52:05.030: vcpu-0| PCIBridge7: ISA/VGA decoding enabled (ctrl 0004)
Apr 17 11:52:05.031: vcpu-0| PCIBridge7: ISA/VGA decoding enabled (ctrl 0004)
Apr 17 11:52:05.031: vcpu-0| pciBridge7:1: ISA/VGA decoding enabled (ctrl 0004)
Apr 17 11:52:05.031: vcpu-0| pciBridge7:1: ISA/VGA decoding enabled (ctrl 0004)
Apr 17 11:52:05.031: vcpu-0| pciBridge7:2: ISA/VGA decoding enabled (ctrl 0004)
Apr 17 11:52:05.032: vcpu-0| pciBridge7:2: ISA/VGA decoding enabled (ctrl 0004)
Apr 17 11:52:05.032: vcpu-0| pciBridge7:3: ISA/VGA decoding enabled (ctrl 0004)
Apr 17 11:52:05.032: vcpu-0| pciBridge7:3: ISA/VGA decoding enabled (ctrl 0004)
Apr 17 11:52:05.032: vcpu-0| pciBridge7:4: ISA/VGA decoding enabled (ctrl 0004)
Apr 17 11:52:05.033: vcpu-0| pciBridge7:4: ISA/VGA decoding enabled (ctrl 0004)
Apr 17 11:52:05.033: vcpu-0| pciBridge7:5: ISA/VGA decoding enabled (ctrl 0004)
Apr 17 11:52:05.033: vcpu-0| pciBridge7:5: ISA/VGA decoding enabled (ctrl 0004)
Apr 17 11:52:05.033: vcpu-0| pciBridge7:6: ISA/VGA decoding enabled (ctrl 0004)
Apr 17 11:52:05.034: vcpu-0| pciBridge7:6: ISA/VGA decoding enabled (ctrl 0004)
Apr 17 11:52:05.034: vcpu-0| pciBridge7:7: ISA/VGA decoding enabled (ctrl 0004)
Apr 17 11:52:05.034: vcpu-0| pciBridge7:7: ISA/VGA decoding enabled (ctrl 0004)
Apr 17 11:52:05.035: vcpu-0| PCIBridge4: ISA/VGA decoding enabled (ctrl 0004)
Apr 17 11:52:05.035: vcpu-0| PCIBridge4: ISA/VGA decoding enabled (ctrl 0004)
Apr 17 11:52:05.035: vcpu-0| pciBridge4:1: ISA/VGA decoding enabled (ctrl 0004)
Apr 17 11:52:05.035: vcpu-0| pciBridge4:1: ISA/VGA decoding enabled (ctrl 0004)
Apr 17 11:52:05.035: vcpu-0| pciBridge4:2: ISA/VGA decoding enabled (ctrl 0004)
Apr 17 11:52:05.035: vcpu-0| pciBridge4:2: ISA/VGA decoding enabled (ctrl 0004)
Apr 17 11:52:05.035: vcpu-0| pciBridge4:3: ISA/VGA decoding enabled (ctrl 0004)
Apr 17 11:52:05.035: vcpu-0| pciBridge4:3: ISA/VGA decoding enabled (ctrl 0004)
Apr 17 11:52:05.035: vcpu-0| pciBridge4:4: ISA/VGA decoding enabled (ctrl 0004)
Apr 17 11:52:05.035: vcpu-0| pciBridge4:4: ISA/VGA decoding enabled (ctrl 0004)
Apr 17 11:52:05.035: vcpu-0| pciBridge4:5: ISA/VGA decoding enabled (ctrl 0004)
Apr 17 11:52:05.035: vcpu-0| pciBridge4:5: ISA/VGA decoding enabled (ctrl 0004)
Apr 17 11:52:05.035: vcpu-0| pciBridge4:6: ISA/VGA decoding enabled (ctrl 0004)
Apr 17 11:52:05.035: vcpu-0| pciBridge4:6: ISA/VGA decoding enabled (ctrl 0004)
Apr 17 11:52:05.035: vcpu-0| pciBridge4:7: ISA/VGA decoding enabled (ctrl 0004)
Apr 17 11:52:05.035: vcpu-0| pciBridge4:7: ISA/VGA decoding enabled (ctrl 0004)
Apr 17 11:52:05.035: vcpu-0| PCIBridge5: ISA/VGA decoding enabled (ctrl 0004)
Apr 17 11:52:05.035: vcpu-0| PCIBridge5: ISA/VGA decoding enabled (ctrl 0004)
Apr 17 11:52:05.035: vcpu-0| pciBridge5:1: ISA/VGA decoding enabled (ctrl 0004)
Apr 17 11:52:05.035: vcpu-0| pciBridge5:1: ISA/VGA decoding enabled (ctrl 0004)
Apr 17 11:52:05.035: vcpu-0| pciBridge5:2: ISA/VGA decoding enabled (ctrl 0004)
Apr 17 11:52:05.035: vcpu-0| pciBridge5:2: ISA/VGA decoding enabled (ctrl 0004)
Apr 17 11:52:05.035: vcpu-0| pciBridge5:3: ISA/VGA decoding enabled (ctrl 0004)
Apr 17 11:52:05.036: vcpu-0| pciBridge5:3: ISA/VGA decoding enabled (ctrl 0004)
Apr 17 11:52:05.036: vcpu-0| pciBridge5:4: ISA/VGA decoding enabled (ctrl 0004)
Apr 17 11:52:05.036: vcpu-0| pciBridge5:4: ISA/VGA decoding enabled (ctrl 0004)
Apr 17 11:52:05.036: vcpu-0| pciBridge5:5: ISA/VGA decoding enabled (ctrl 0004)
Apr 17 11:52:05.036: vcpu-0| pciBridge5:5: ISA/VGA decoding enabled (ctrl 0004)
Apr 17 11:52:05.036: vcpu-0| pciBridge5:6: ISA/VGA decoding enabled (ctrl 0004)
Apr 17 11:52:05.036: vcpu-0| pciBridge5:6: ISA/VGA decoding enabled (ctrl 0004)
Apr 17 11:52:05.036: vcpu-0| pciBridge5:7: ISA/VGA decoding enabled (ctrl 0004)
Apr 17 11:52:05.036: vcpu-0| pciBridge5:7: ISA/VGA decoding enabled (ctrl 0004)
Apr 17 11:52:05.036: vcpu-0| PCIBridge6: ISA/VGA decoding enabled (ctrl 0004)
Apr 17 11:52:05.036: vcpu-0| PCIBridge6: ISA/VGA decoding enabled (ctrl 0004)
Apr 17 11:52:05.036: vcpu-0| pciBridge6:1: ISA/VGA decoding enabled (ctrl 0004)
Apr 17 11:52:05.036: vcpu-0| pciBridge6:1: ISA/VGA decoding enabled (ctrl 0004)
Apr 17 11:52:05.036: vcpu-0| pciBridge6:2: ISA/VGA decoding enabled (ctrl 0004)
Apr 17 11:52:05.036: vcpu-0| pciBridge6:2: ISA/VGA decoding enabled (ctrl 0004)
Apr 17 11:52:05.036: vcpu-0| pciBridge6:3: ISA/VGA decoding enabled (ctrl 0004)
Apr 17 11:52:05.036: vcpu-0| pciBridge6:3: ISA/VGA decoding enabled (ctrl 0004)
Apr 17 11:52:05.036: vcpu-0| pciBridge6:4: ISA/VGA decoding enabled (ctrl 0004)
Apr 17 11:52:05.036: vcpu-0| pciBridge6:4: ISA/VGA decoding enabled (ctrl 0004)
Apr 17 11:52:05.036: vcpu-0| pciBridge6:5: ISA/VGA decoding enabled (ctrl 0004)
Apr 17 11:52:05.036: vcpu-0| pciBridge6:5: ISA/VGA decoding enabled (ctrl 0004)
Apr 17 11:52:05.036: vcpu-0| pciBridge6:6: ISA/VGA decoding enabled (ctrl 0004)
Apr 17 11:52:05.036: vcpu-0| pciBridge6:6: ISA/VGA decoding enabled (ctrl 0004)
Apr 17 11:52:05.036: vcpu-0| pciBridge6:7: ISA/VGA decoding enabled (ctrl 0004)
Apr 17 11:52:05.036: vcpu-0| pciBridge6:7: ISA/VGA decoding enabled (ctrl 0004)
Apr 17 11:52:05.037: vcpu-0| PCIBridge7: ISA/VGA decoding enabled (ctrl 0004)
Apr 17 11:52:05.037: vcpu-0| PCIBridge7: ISA/VGA decoding enabled (ctrl 0004)
Apr 17 11:52:05.037: vcpu-0| pciBridge7:1: ISA/VGA decoding enabled (ctrl 0004)
Apr 17 11:52:05.037: vcpu-0| pciBridge7:1: ISA/VGA decoding enabled (ctrl 0004)
Apr 17 11:52:05.037: vcpu-0| pciBridge7:2: ISA/VGA decoding enabled (ctrl 0004)
Apr 17 11:52:05.037: vcpu-0| pciBridge7:2: ISA/VGA decoding enabled (ctrl 0004)
Apr 17 11:52:05.037: vcpu-0| pciBridge7:3: ISA/VGA decoding enabled (ctrl 0004)
Apr 17 11:52:05.037: vcpu-0| pciBridge7:3: ISA/VGA decoding enabled (ctrl 0004)
Apr 17 11:52:05.037: vcpu-0| pciBridge7:4: ISA/VGA decoding enabled (ctrl 0004)
Apr 17 11:52:05.037: vcpu-0| pciBridge7:4: ISA/VGA decoding enabled (ctrl 0004)
Apr 17 11:52:05.037: vcpu-0| pciBridge7:5: ISA/VGA decoding enabled (ctrl 0004)
Apr 17 11:52:05.037: vcpu-0| pciBridge7:5: ISA/VGA decoding enabled (ctrl 0004)
Apr 17 11:52:05.037: vcpu-0| pciBridge7:6: ISA/VGA decoding enabled (ctrl 0004)
Apr 17 11:52:05.037: vcpu-0| pciBridge7:6: ISA/VGA decoding enabled (ctrl 0004)
Apr 17 11:52:05.037: vcpu-0| pciBridge7:7: ISA/VGA decoding enabled (ctrl 0004)
Apr 17 11:52:05.037: vcpu-0| pciBridge7:7: ISA/VGA decoding enabled (ctrl 0004)
Apr 17 11:52:05.591: vcpu-0| PCIBridge4: ISA/VGA decoding enabled (ctrl 0004)
Apr 17 11:52:05.591: vcpu-0| pciBridge4:1: ISA/VGA decoding enabled (ctrl 0004)
Apr 17 11:52:05.592: vcpu-0| pciBridge4:2: ISA/VGA decoding enabled (ctrl 0004)
Apr 17 11:52:05.592: vcpu-0| pciBridge4:3: ISA/VGA decoding enabled (ctrl 0004)
Apr 17 11:52:05.592: vcpu-0| pciBridge4:4: ISA/VGA decoding enabled (ctrl 0004)
Apr 17 11:52:05.592: vcpu-0| pciBridge4:5: ISA/VGA decoding enabled (ctrl 0004)
Apr 17 11:52:05.592: vcpu-0| pciBridge4:6: ISA/VGA decoding enabled (ctrl 0004)
Apr 17 11:52:05.592: vcpu-0| pciBridge4:7: ISA/VGA decoding enabled (ctrl 0004)
Apr 17 11:52:05.592: vcpu-0| PCIBridge5: ISA/VGA decoding enabled (ctrl 0004)
Apr 17 11:52:05.593: vcpu-0| pciBridge5:1: ISA/VGA decoding enabled (ctrl 0004)
Apr 17 11:52:05.593: vcpu-0| pciBridge5:2: ISA/VGA decoding enabled (ctrl 0004)
Apr 17 11:52:05.593: vcpu-0| pciBridge5:3: ISA/VGA decoding enabled (ctrl 0004)
Apr 17 11:52:05.593: vcpu-0| pciBridge5:4: ISA/VGA decoding enabled (ctrl 0004)
Apr 17 11:52:05.593: vcpu-0| pciBridge5:5: ISA/VGA decoding enabled (ctrl 0004)
Apr 17 11:52:05.593: vcpu-0| pciBridge5:6: ISA/VGA decoding enabled (ctrl 0004)
Apr 17 11:52:05.593: vcpu-0| pciBridge5:7: ISA/VGA decoding enabled (ctrl 0004)
Apr 17 11:52:05.594: vcpu-0| PCIBridge6: ISA/VGA decoding enabled (ctrl 0004)
Apr 17 11:52:05.594: vcpu-0| pciBridge6:1: ISA/VGA decoding enabled (ctrl 0004)
Apr 17 11:52:05.594: vcpu-0| pciBridge6:2: ISA/VGA decoding enabled (ctrl 0004)
Apr 17 11:52:05.594: vcpu-0| pciBridge6:3: ISA/VGA decoding enabled (ctrl 0004)
Apr 17 11:52:05.594: vcpu-0| pciBridge6:4: ISA/VGA decoding enabled (ctrl 0004)
Apr 17 11:52:05.594: vcpu-0| pciBridge6:5: ISA/VGA decoding enabled (ctrl 0004)
Apr 17 11:52:05.594: vcpu-0| pciBridge6:6: ISA/VGA decoding enabled (ctrl 0004)
Apr 17 11:52:05.595: vcpu-0| pciBridge6:7: ISA/VGA decoding enabled (ctrl 0004)
Apr 17 11:52:05.595: vcpu-0| PCIBridge7: ISA/VGA decoding enabled (ctrl 0004)
Apr 17 11:52:05.595: vcpu-0| pciBridge7:1: ISA/VGA decoding enabled (ctrl 0004)
Apr 17 11:52:05.595: vcpu-0| pciBridge7:2: ISA/VGA decoding enabled (ctrl 0004)
Apr 17 11:52:05.595: vcpu-0| pciBridge7:3: ISA/VGA decoding enabled (ctrl 0004)
Apr 17 11:52:05.595: vcpu-0| pciBridge7:4: ISA/VGA decoding enabled (ctrl 0004)
Apr 17 11:52:05.596: vcpu-0| pciBridge7:5: ISA/VGA decoding enabled (ctrl 0004)
Apr 17 11:52:05.596: vcpu-0| pciBridge7:6: ISA/VGA decoding enabled (ctrl 0004)
Apr 17 11:52:05.596: vcpu-0| pciBridge7:7: ISA/VGA decoding enabled (ctrl 0004)
Apr 17 11:52:05.609: vcpu-0| UHCI: HCReset
Apr 17 11:52:05.616: mks| SVGA: display status changed, using optimizations for local consoles.
Apr 17 11:52:06.082: vcpu-0| UHCI: HCReset
Apr 17 11:52:08.393: vcpu-0| SCSI0: RESET BUS
Apr 17 11:52:08.796: vcpu-0| SCSI0: RESET BUS
Apr 17 11:52:08.832: vcpu-0| SCSI DEVICE (scsi0:0): MODE SENSE(6) for unsupported page 0x8
Apr 17 11:52:08.835: vcpu-0| SCSI DEVICE (scsi0:0): MODE SENSE(6) for unsupported page 0x8
Apr 17 11:52:08.859: vcpu-0| SCSI DEVICE (scsi0:0): MODE SENSE(6) for unsupported page 0x8
Apr 17 11:52:11.136: mks| USBGW: Write arbitrator op:13 len:26
Apr 17 11:52:11.136: mks| Setting thread 39 stack size to 1048576.
Apr 17 11:52:18.361: vcpu-0| CDROM: Accepting Event Status Notification 0x10
Apr 17 11:52:18.405: vcpu-0| VIDE: Truncating 0x46 from 65530 bytes to 32768
Apr 17 11:52:18.405: vcpu-0| CDROM: Emulate GET CONFIGURATION RT 0 start feature 0
Apr 17 11:52:19.187: vcpu-0| Keyboard: invalid mouse sample rate 102 Hz, using 100 instead
Apr 17 11:52:19.258: vcpu-0| DISKLIB-DDB   : "longContentID" = "714fe0efdf69f201293fe3e6d84ddcf9" (was "3f32675fcbe918ff9435dc5e4cbc00ec")
Apr 17 11:52:19.313: vcpu-0| SCSI DEVICE (scsi0:0): No transfer information for *UNKNOWN (0x85)* (0x85)
Apr 17 11:52:19.313: vcpu-0| SCSI (scsi0:0): SCSI-3 16-byte CDB format not supported (LUN 0).
Apr 17 11:52:19.314: vcpu-0| SCSI DEVICE (scsi0:0): No transfer information for *UNKNOWN (0x85)* (0x85)
Apr 17 11:52:19.314: vcpu-0| SCSI (scsi0:0): SCSI-3 16-byte CDB format not supported (LUN 0).
Apr 17 11:52:19.314: vcpu-0| SCSI DEVICE (scsi0:0): No transfer information for *UNKNOWN (0x85)* (0x85)
Apr 17 11:52:19.314: vcpu-0| SCSI (scsi0:0): SCSI-3 16-byte CDB format not supported (LUN 0).
Apr 17 11:52:19.573: mks| HostOps hideCursor before defineCursor!
Apr 17 11:52:20.260: vcpu-0| VLANCE: Returning 0x0 for LANCE_EXTINT IN
Apr 17 11:52:20.260: vcpu-0| VLANCE: Ignoring LANCE_EXTINT OUT of 0x1
Apr 17 11:52:20.471: vcpu-0| VLANCE: IN on LANCE_MODE while not stopped: 0x73
Apr 17 11:52:20.471: vcpu-0| VLANCE: OUT on LANCE_PADR2 while not stopped: 0x73, word: 0x0
Apr 17 11:52:20.471: vcpu-0| VLANCE: OUT on LANCE_LADRF0 while not stopped: 0x73, word: 0x0
Apr 17 11:52:20.471: vcpu-0| VLANCE: OUT on LANCE_LADRF1 while not stopped: 0x73, word: 0x80
Apr 17 11:52:20.471: vcpu-0| VLANCE: OUT on LANCE_LADRF2 while not stopped: 0x73, word: 0x0
Apr 17 11:52:20.471: vcpu-0| VLANCE: OUT on LANCE_LADRF3 while not stopped: 0x73, word: 0x0
Apr 17 11:52:20.764: vcpu-0| SOUND 022.062888 PCISoundWin32 mixerGetLineInfo error 1024
Apr 17 11:52:25.833: mks| USBGW: Write arbitrator op:13 len:26
Apr 17 11:52:27.962: vcpu-0| GuestRpc: Channel 0, guest application toolbox.
Apr 17 11:52:27.962: vcpu-0| Vix: [4692 mainDispatch.c:3406]: VMAutomationReportPowerStateChange: Reporting power state change (opcode=2, err=0).
Apr 17 11:52:28.722: vcpu-0| TOOLS ToolsCapabilityGuestTempDirectory received 1 /tmp/vmware-root
Apr 17 11:52:28.758: vcpu-0| TOOLS autoupgrade protocol version 2
Apr 17 11:52:28.759: vcpu-0| TOOLS ToolsCapabilityGuestConfDirectory received /etc/vmware-tools
Apr 17 11:52:28.759: vcpu-0| ToolsSetVersionWork did nothing; new tools version (8227) matches old Tools version
Apr 17 11:52:28.760: vcpu-0| Starting copy guest manifest to local C:\Users\Euan\AppData\Local\Temp\vmware-Euan\manifest.txt.1 path.
Apr 17 11:52:29.076: vcpu-0| Compared tools manifest from host and from the guest. Status = 2.
Apr 17 11:52:29.077: vcpu-0| VMXVmdb_SetToolsVersionState: status value set to 'ok'
Apr 17 11:52:29.077: vcpu-0| TOOLS installed legacy version 8227, available legacy version 8227
Apr 17 11:52:29.077: vcpu-0| TOOLS manifest update status is 2 (1-out of date, 2-ok, 3-no tools, 4-unmanaged, 5-unknown)
Apr 17 11:52:29.077: vcpu-0| TOOLS will not be autoupgraded.
Apr 17 11:52:29.077: vcpu-0| TOOLS Setting autoupgrade-checked TRUE.
Apr 17 11:52:29.079: vcpu-0| TOOLS unified loop capability requested by 'toolbox'; now sending options via TCLO
Apr 17 11:52:29.079: vcpu-0| Guest: toolbox: Version: build-203739
Apr 17 11:53:00.374: vmx| GuestRpcSendTimedOut: message to toolbox-dnd timed out.
Apr 17 11:53:22.739: mks| USBGW: Write arbitrator op:13 len:26
Apr 17 11:53:22.739: mks| Setting thread 39 stack size to 1048576.
Apr 17 11:53:23.664: mks| Setting thread 40 stack size to 1048576.
Apr 17 11:53:33.479: mks| USBGW: Write arbitrator op:13 len:26
Apr 17 11:53:55.709: mks| USBGW: Write arbitrator op:13 len:26
Apr 17 11:53:55.710: mks| Setting thread 39 stack size to 1048576.
Apr 17 11:53:56.712: mks| Setting thread 40 stack size to 1048576.
Apr 17 11:55:20.761: vcpu-0| VLANCE: Ethernet0 skipped 1 time(s)
Apr 17 11:55:20.761: vcpu-0| VLANCE: 1 0 0 0 0 0 0 0 0 0 0 0 0 0 0 0
Apr 17 11:55:20.761: vcpu-0| VLANCE: 0 0 0 0 0 0 0 0 0 0 0 0 0 0 0 0
Apr 17 11:55:20.761: vcpu-0| VLANCE: Ethernet0 skipped 2 time(s)
Apr 17 11:55:20.761: vcpu-0| VLANCE: 1 1 0 0 0 0 0 0 0 0 0 0 0 0 0 0
Apr 17 11:55:20.761: vcpu-0| VLANCE: 0 0 0 0 0 0 0 0 0 0 0 0 0 0 0 0
Apr 17 11:55:39.087: mks| USBGW: Write arbitrator op:13 len:26
Apr 17 12:00:09.113: mks| USBGW: Write arbitrator op:13 len:26
Apr 17 12:00:09.114: mks| Setting thread 39 stack size to 1048576.
Apr 17 12:00:09.120: mks| Setting thread 40 stack size to 1048576.
Apr 17 12:00:09.145: mks| Detaching from window system.
Apr 17 12:00:09.148: mks| MKS: Base polling period is 1000000us
Apr 17 12:00:10.345: mks| Connecting to window system.
Apr 17 12:00:10.345: mks| MKS: Base polling period is 10000us
Apr 17 12:00:10.345: mks| Setting thread 39 stack size to 1048576.
Apr 17 12:00:10.366: mks| GdiBackendConstruct: Using software emulation for overlays.
Apr 17 12:00:10.369: mks| USBGW: Write arbitrator op:13 len:26
Apr 17 12:00:13.422: mks| Setting thread 39 stack size to 1048576.
Apr 17 12:00:13.424: mks| Setting thread 41 stack size to 1048576.
Apr 17 12:02:23.743: vmx| PTSC: using reference clock [TSC: 15480456081560->15489131640470, RC: 16221149861->16230891935]
Apr 17 12:33:31.986: vmx| VMXVmdbLoadUsbDevices: New set of 2 USB devices
Apr 17 12:33:31.986: vmx| USB: Found device [name:Apple\ USB\ Mass\ Storage\ Device vid:05ac pid:1209 path:1/7/2 speed:high family:audio,hid,storage]
Apr 17 12:33:31.986: vmx| USB: Found device [name:Suyin\ USB\ Composite\ Device vid:064e pid:a103 path:1/7/4 speed:high family:other]
Apr 17 12:36:54.949: mks| USBGW: Write arbitrator op:13 len:26
Apr 17 12:36:54.950: mks| Setting thread 39 stack size to 1048576.
Apr 17 12:38:13.423: mks| Setting thread 41 stack size to 1048576.
Apr 17 12:38:14.377: vmx| VMXVmdbLoadUsbDevices: New set of 3 USB devices
Apr 17 12:38:14.378: vmx| USB: Found device [name:SanDisk\ Removable\ Disk vid:0781 pid:5151 path:1/7/0 speed:high family:storage]
Apr 17 12:38:14.378: vmx| USB: Found device [name:Apple\ USB\ Mass\ Storage\ Device vid:05ac pid:1209 path:1/7/2 speed:high family:audio,hid,storage]
Apr 17 12:38:14.378: vmx| USB: Found device [name:Suyin\ USB\ Composite\ Device vid:064e pid:a103 path:1/7/4 speed:high family:other]
Apr 17 12:38:25.078: vmx| USBGA: device 700000007815151 arrived
Apr 17 12:38:25.078: vmx| USBGA: Autoconnecting new device
Apr 17 12:38:25.079: vmx| VMXVmdbLoadUsbDevices: New set of 3 USB devices
Apr 17 12:38:25.079: vmx| USB: Found device [name:SanDisk\ Removable\ Disk vid:0781 pid:5151 path:1/7/0 speed:high family:storage]
Apr 17 12:38:25.079: vmx| USB: Found device [name:Apple\ USB\ Mass\ Storage\ Device vid:05ac pid:1209 path:1/7/2 speed:high family:audio,hid,storage]
Apr 17 12:38:25.079: vmx| USB: Found device [name:Suyin\ USB\ Composite\ Device vid:064e pid:a103 path:1/7/4 speed:high family:other]
Apr 17 12:38:25.223: vcpu-0| USBG warning: can't reset port usbioerr 'NOT_CONFIGURED'
Apr 17 12:38:25.337: vcpu-0| USBG warning: can't reset port usbioerr 'NOT_CONFIGURED'
Apr 17 12:38:25.489: vmx| USBGW: Write arbitrator op:10 len:8
Apr 17 12:38:25.489: vmx| USBGW: Write arbitrator op:10 len:8
Apr 17 12:38:25.489: vmx| USBIO: Detect usb-storage class
Apr 17 12:38:26.224: vcpu-0| TOOLS autoupgrade protocol version 0
Apr 17 12:38:26.224: vcpu-0| TOOLS ToolsCapabilityGuestTempDirectory received 0
Apr 17 12:38:26.225: vcpu-0| GuestRpc: Reinitializing Channel 0(toolbox)
Apr 17 12:38:26.225: vcpu-0| GuestRpc: Channel 0 reinitialized.
Apr 17 12:38:27.518: vcpu-0| VLANCE: Reserved value written to sstyle register 4
Apr 17 12:38:28.690: mks| USBGW: Write arbitrator op:13 len:26
Apr 17 12:38:29.163: vcpu-0| UHCI: HCReset
Apr 17 12:38:29.207: vcpu-0| PIIX4: PM Soft Off.  Good-bye.
Apr 17 12:38:29.275: vmx| Stopping VCPU threads...
Apr 17 12:38:29.301: mks| Ending MKSRole pseudocalls, state was 1
Apr 17 12:38:29.301: mks| Detaching from window system.
Apr 17 12:38:29.304: mks| MKS: Base polling period is 1000000us
Apr 17 12:38:29.305: mks| Async MKS thread is exiting
Apr 17 12:38:29.311: vmx| USB: Disconnecting device 0x700000007815151
Apr 17 12:38:29.312: vmx| USBGW: Disconnecting device: 79D06B8 id: 700000007815151
Apr 17 12:38:29.312: vmx| USBGW: Write arbitrator op:7 len:8
Apr 17 12:38:29.312: vmx| Vix: [6048 mainDispatch.c:912]: VMAutomation_PowerOff: Powering off.
Apr 17 12:38:29.325: vmx| TOOLS received request in VMX to set option 'enableDnD' -> '0'
Apr 17 12:38:29.325: vmx| TOOLS received request in VMX to set option 'copypaste' -> '0'
Apr 17 12:38:29.325: vmx| TOOLS received request in VMX to set option 'copypaste' -> '0'
Apr 17 12:38:29.339: vmx| VMXVmdb_SetToolsVersionState: status value set to 'ok'
Apr 17 12:38:29.363: vmx| HostOps hideCursor before defineCursor!
Apr 17 12:38:29.398: vmx| MKS local poweroff
Apr 17 12:38:29.398: usbCCIDEnumCards| USB-CCID: Card enum thread exiting.
Apr 17 12:38:29.399: vmx| scsi0:0: numIOs = 7417 numMergedIOs = 527 numSplitIOs = 63 (10.7%)
Apr 17 12:38:29.477: vmx| AIOWIN32C: asyncOps=6386 syncOps=16 bufSize=0Kb fixedOps=0 sgOps=6358 sgOn=1
Apr 17 12:38:29.477: aioCompletion| AIO thread processed 6386 completions
Apr 17 12:38:29.477: vmx| AIOWIN32: asyncOps=0 syncOps=0 bufSize=0Kb delayed=0 fixed=0 sgOp=0 sgOn=1
Apr 17 12:38:29.651: vmx| WORKER: asyncOps=2 maxActiveOps=1 maxPending=0 maxCompleted=0
Apr 17 12:38:29.757: vmx| Vix: [6048 mainDispatch.c:3485]: VMAutomation_ReportPowerOpFinished: statevar=1, newAppState=1873, success=1
Apr 17 12:38:29.757: vmx| Vix: [6048 mainDispatch.c:3491]: VMAutomation: Ignoring ReportPowerOpFinished because the VMX is shutting down.
Apr 17 12:38:29.820: vmx| VMXVmdb_LoadRawConfig: Loading raw config
Apr 17 12:38:29.862: vmx| Vix: [6048 mainDispatch.c:3485]: VMAutomation_ReportPowerOpFinished: statevar=0, newAppState=1870, success=1
Apr 17 12:38:29.862: vmx| Vix: [6048 mainDispatch.c:3491]: VMAutomation: Ignoring ReportPowerOpFinished because the VMX is shutting down.
Apr 17 12:38:29.863: vmx| Transitioned vmx/execState/val to poweredOff
Apr 17 12:38:29.864: vmx| VMX idle exit
Apr 17 12:38:29.865: WinNotifyThread| WinNotify thread exiting
Apr 17 12:38:29.866: vmx| Vix: [6048 mainDispatch.c:644]: VMAutomation_LateShutdown()
Apr 17 12:38:29.867: vmx| Vix: [6048 mainDispatch.c:594]: VMAutomationCloseListenerSocket. Closing listener socket.
Apr 17 12:38:29.867: vmx| Flushing VMX VMDB connections
Apr 17 12:38:29.876: vmx| VMX exit (0).
Apr 17 12:38:29.876: vmx| AIOMGR-S : stat o=2 r=12 w=0 i=0 br=111616 bw=0
Apr 17 12:38:29.876: vmx| FileTrack_Exit: done
